This file contains any messages produced by compilers while
running configure, to aid debugging if configure makes a mistake.

It was created by configure, which was
generated by GNU Autoconf 2.59.  Invocation command line was

  $ ./configure --host=arm-mingw32ce --prefix=/opt/mingw32ce

## --------- ##
## Platform. ##
## --------- ##

hostname = pavilion
uname -m = i686
uname -r = 2.6.31.12-desktop-1mnb
uname -s = Linux
uname -v = #1 SMP Tue Jan 26 03:35:36 EST 2010

/usr/bin/uname -p = unknown
/bin/uname -X     = unknown

/bin/arch              = i686
/usr/bin/arch -k       = unknown
/usr/convex/getsysinfo = unknown
hostinfo               = unknown
/bin/machine           = unknown
/usr/bin/oslevel       = unknown
/bin/universe          = unknown

PATH: /usr/local/bin
PATH: /usr/lesstif/bin
PATH: /usr/X11R6/bin
PATH: /usr/contrib/bin
PATH: /usr/games/bin
PATH: /usr/gnome/bin
PATH: /home/danny/bin
PATH: /bin
PATH: /usr/sbin
PATH: /usr/bin
PATH: /sbin
PATH: /usr/local/sbin
PATH: /opt/cegcc/bin
PATH: /opt/mingw32ce/bin
PATH: .
PATH: /opt/x86mingw32ce/bin


## ----------- ##
## Core tests. ##
## ----------- ##

configure:1308: checking for arm-mingw32ce-gcc
configure:1324: found /opt/mingw32ce/bin/arm-mingw32ce-gcc
configure:1334: result: arm-mingw32ce-gcc
configure:1616: checking for C compiler version
configure:1619: arm-mingw32ce-gcc --version </dev/null >&5
arm-mingw32ce-gcc (GCC) 4.4.0
Copyright (C) 2009 Free Software Foundation, Inc.
This is free software; see the source for copying conditions.  There is NO
warranty; not even for MERCHANTABILITY or FITNESS FOR A PARTICULAR PURPOSE.

configure:1622: $? = 0
configure:1624: arm-mingw32ce-gcc -v </dev/null >&5
Using built-in specs.
Target: arm-mingw32ce
Configured with: /home/danny/src/cegcc/svn.sf.net/cegcc/trunk/cegcc/src/gcc-4.4.0/configure --with-gcc --with-gnu-ld --with-gnu-as --build=i686-pc-linux-gnu --target=arm-mingw32ce --host=i686-pc-linux-gnu --prefix=/opt/mingw32ce --enable-threads=win32 --disable-nls --enable-languages=c,c++ --disable-win32-registry --disable-multilib --disable-interwork --without-newlib --enable-checking --with-headers --disable-__cxa_atexit
Thread model: win32
gcc version 4.4.0 (GCC) 
configure:1627: $? = 0
configure:1629: arm-mingw32ce-gcc -V </dev/null >&5
arm-mingw32ce-gcc: '-V' option must have argument
configure:1632: $? = 1
configure:1655: checking for C compiler default output file name
configure:1658: arm-mingw32ce-gcc    conftest.c  >&5
configure:1661: $? = 0
configure:1707: result: a.exe
configure:1712: checking whether the C compiler works
configure:1718: ./a.exe
./configure: line 1719: ./a.exe: cannot execute binary file
configure:1721: $? = 126
configure:1738: result: yes
configure:1745: checking whether we are cross compiling
configure:1747: result: yes
configure:1750: checking for suffix of executables
configure:1752: arm-mingw32ce-gcc -o conftest.exe    conftest.c  >&5
configure:1755: $? = 0
configure:1780: result: .exe
configure:1786: checking for suffix of object files
configure:1807: arm-mingw32ce-gcc -c   conftest.c >&5
configure:1810: $? = 0
configure:1832: result: o
configure:1836: checking whether we are using the GNU C compiler
configure:1860: arm-mingw32ce-gcc -c   conftest.c >&5
configure:1866: $? = 0
configure:1870: test -z 
			 || test ! -s conftest.err
configure:1873: $? = 0
configure:1876: test -s conftest.o
configure:1879: $? = 0
configure:1892: result: yes
configure:1898: checking whether arm-mingw32ce-gcc accepts -g
configure:1919: arm-mingw32ce-gcc -c -g  conftest.c >&5
configure:1925: $? = 0
configure:1929: test -z 
			 || test ! -s conftest.err
configure:1932: $? = 0
configure:1935: test -s conftest.o
configure:1938: $? = 0
configure:1949: result: yes
configure:1966: checking for arm-mingw32ce-gcc option to accept ANSI C
configure:2036: arm-mingw32ce-gcc  -c -g -O2  conftest.c >&5
configure:2042: $? = 0
configure:2046: test -z 
			 || test ! -s conftest.err
configure:2049: $? = 0
configure:2052: test -s conftest.o
configure:2055: $? = 0
configure:2073: result: none needed
configure:2091: arm-mingw32ce-gcc -c -g -O2  conftest.c >&5
conftest.c:2: error: expected '=', ',', ';', 'asm' or '__attribute__' before 'me'
configure:2097: $? = 1
configure: failed program was:
| #ifndef __cplusplus
|   choke me
| #endif
configure:2268: checking build system type
configure:2286: result: i686-pc-linux-gnu
configure:2294: checking host system type
configure:2308: result: arm-unknown-mingw32ce
configure:2316: checking target system type
configure:2330: result: arm-unknown-mingw32ce
configure:2358: checking for a BSD-compatible install
configure:2413: result: /usr/bin/install -c
configure:2445: checking how to run the C preprocessor
configure:2480: arm-mingw32ce-gcc -E  conftest.c
configure:2486: $? = 0
configure:2518: arm-mingw32ce-gcc -E  conftest.c
conftest.c:10:28: error: ac_nonexistent.h: No such file or directory
configure:2524: $? = 1
configure: failed program was:
| /* confdefs.h.  */
| 
| #define PACKAGE_NAME ""
| #define PACKAGE_TARNAME ""
| #define PACKAGE_VERSION ""
| #define PACKAGE_STRING ""
| #define PACKAGE_BUGREPORT ""
| #define _GNU_SOURCE 1
| /* end confdefs.h.  */
| #include <ac_nonexistent.h>
configure:2563: result: arm-mingw32ce-gcc -E
configure:2587: arm-mingw32ce-gcc -E  conftest.c
configure:2593: $? = 0
configure:2625: arm-mingw32ce-gcc -E  conftest.c
conftest.c:10:28: error: ac_nonexistent.h: No such file or directory
configure:2631: $? = 1
configure: failed program was:
| /* confdefs.h.  */
| 
| #define PACKAGE_NAME ""
| #define PACKAGE_TARNAME ""
| #define PACKAGE_VERSION ""
| #define PACKAGE_STRING ""
| #define PACKAGE_BUGREPORT ""
| #define _GNU_SOURCE 1
| /* end confdefs.h.  */
| #include <ac_nonexistent.h>
configure:2675: checking for egrep
configure:2685: result: grep -E
configure:2690: checking for ANSI C header files
configure:2715: arm-mingw32ce-gcc -c -g -O2  conftest.c >&5
configure:2721: $? = 0
configure:2725: test -z 
			 || test ! -s conftest.err
configure:2728: $? = 0
configure:2731: test -s conftest.o
configure:2734: $? = 0
configure:2846: result: yes
configure:2871: checking for sys/types.h
configure:2887: arm-mingw32ce-gcc -c -g -O2  conftest.c >&5
configure:2893: $? = 0
configure:2897: test -z 
			 || test ! -s conftest.err
configure:2900: $? = 0
configure:2903: test -s conftest.o
configure:2906: $? = 0
configure:2917: result: yes
configure:2871: checking for sys/stat.h
configure:2887: arm-mingw32ce-gcc -c -g -O2  conftest.c >&5
configure:2893: $? = 0
configure:2897: test -z 
			 || test ! -s conftest.err
configure:2900: $? = 0
configure:2903: test -s conftest.o
configure:2906: $? = 0
configure:2917: result: yes
configure:2871: checking for stdlib.h
configure:2887: arm-mingw32ce-gcc -c -g -O2  conftest.c >&5
configure:2893: $? = 0
configure:2897: test -z 
			 || test ! -s conftest.err
configure:2900: $? = 0
configure:2903: test -s conftest.o
configure:2906: $? = 0
configure:2917: result: yes
configure:2871: checking for string.h
configure:2887: arm-mingw32ce-gcc -c -g -O2  conftest.c >&5
configure:2893: $? = 0
configure:2897: test -z 
			 || test ! -s conftest.err
configure:2900: $? = 0
configure:2903: test -s conftest.o
configure:2906: $? = 0
configure:2917: result: yes
configure:2871: checking for memory.h
configure:2887: arm-mingw32ce-gcc -c -g -O2  conftest.c >&5
configure:2893: $? = 0
configure:2897: test -z 
			 || test ! -s conftest.err
configure:2900: $? = 0
configure:2903: test -s conftest.o
configure:2906: $? = 0
configure:2917: result: yes
configure:2871: checking for strings.h
configure:2887: arm-mingw32ce-gcc -c -g -O2  conftest.c >&5
configure:2893: $? = 0
configure:2897: test -z 
			 || test ! -s conftest.err
configure:2900: $? = 0
configure:2903: test -s conftest.o
configure:2906: $? = 0
configure:2917: result: yes
configure:2871: checking for inttypes.h
configure:2887: arm-mingw32ce-gcc -c -g -O2  conftest.c >&5
configure:2893: $? = 0
configure:2897: test -z 
			 || test ! -s conftest.err
configure:2900: $? = 0
configure:2903: test -s conftest.o
configure:2906: $? = 0
configure:2917: result: yes
configure:2871: checking for stdint.h
configure:2887: arm-mingw32ce-gcc -c -g -O2  conftest.c >&5
configure:2893: $? = 0
configure:2897: test -z 
			 || test ! -s conftest.err
configure:2900: $? = 0
configure:2903: test -s conftest.o
configure:2906: $? = 0
configure:2917: result: yes
configure:2871: checking for unistd.h
configure:2887: arm-mingw32ce-gcc -c -g -O2  conftest.c >&5
configure:2893: $? = 0
configure:2897: test -z 
			 || test ! -s conftest.err
configure:2900: $? = 0
configure:2903: test -s conftest.o
configure:2906: $? = 0
configure:2917: result: yes
configure:2965: checking sgtty.h usability
configure:2977: arm-mingw32ce-gcc -c -g -O2  conftest.c >&5
conftest.c:54:19: error: sgtty.h: No such file or directory
configure:2983: $? = 1
configure: failed program was:
| /* confdefs.h.  */
| 
| #define PACKAGE_NAME ""
| #define PACKAGE_TARNAME ""
| #define PACKAGE_VERSION ""
| #define PACKAGE_STRING ""
| #define PACKAGE_BUGREPORT ""
| #define _GNU_SOURCE 1
| #define STDC_HEADERS 1
| #define HAVE_SYS_TYPES_H 1
| #define HAVE_SYS_STAT_H 1
| #define HAVE_STDLIB_H 1
| #define HAVE_STRING_H 1
| #define HAVE_MEMORY_H 1
| #define HAVE_STRINGS_H 1
| #define HAVE_INTTYPES_H 1
| #define HAVE_STDINT_H 1
| #define HAVE_UNISTD_H 1
| /* end confdefs.h.  */
| #include <stdio.h>
| #if HAVE_SYS_TYPES_H
| # include <sys/types.h>
| #endif
| #if HAVE_SYS_STAT_H
| # include <sys/stat.h>
| #endif
| #if STDC_HEADERS
| # include <stdlib.h>
| # include <stddef.h>
| #else
| # if HAVE_STDLIB_H
| #  include <stdlib.h>
| # endif
| #endif
| #if HAVE_STRING_H
| # if !STDC_HEADERS && HAVE_MEMORY_H
| #  include <memory.h>
| # endif
| # include <string.h>
| #endif
| #if HAVE_STRINGS_H
| # include <strings.h>
| #endif
| #if HAVE_INTTYPES_H
| # include <inttypes.h>
| #else
| # if HAVE_STDINT_H
| #  include <stdint.h>
| # endif
| #endif
| #if HAVE_UNISTD_H
| # include <unistd.h>
| #endif
| #include <sgtty.h>
configure:3006: result: no
configure:3010: checking sgtty.h presence
configure:3020: arm-mingw32ce-gcc -E  conftest.c
conftest.c:20:19: error: sgtty.h: No such file or directory
configure:3026: $? = 1
configure: failed program was:
| /* confdefs.h.  */
| 
| #define PACKAGE_NAME ""
| #define PACKAGE_TARNAME ""
| #define PACKAGE_VERSION ""
| #define PACKAGE_STRING ""
| #define PACKAGE_BUGREPORT ""
| #define _GNU_SOURCE 1
| #define STDC_HEADERS 1
| #define HAVE_SYS_TYPES_H 1
| #define HAVE_SYS_STAT_H 1
| #define HAVE_STDLIB_H 1
| #define HAVE_STRING_H 1
| #define HAVE_MEMORY_H 1
| #define HAVE_STRINGS_H 1
| #define HAVE_INTTYPES_H 1
| #define HAVE_STDINT_H 1
| #define HAVE_UNISTD_H 1
| /* end confdefs.h.  */
| #include <sgtty.h>
configure:3046: result: no
configure:3081: checking for sgtty.h
configure:3088: result: no
configure:2965: checking termio.h usability
configure:2977: arm-mingw32ce-gcc -c -g -O2  conftest.c >&5
conftest.c:54:20: error: termio.h: No such file or directory
configure:2983: $? = 1
configure: failed program was:
| /* confdefs.h.  */
| 
| #define PACKAGE_NAME ""
| #define PACKAGE_TARNAME ""
| #define PACKAGE_VERSION ""
| #define PACKAGE_STRING ""
| #define PACKAGE_BUGREPORT ""
| #define _GNU_SOURCE 1
| #define STDC_HEADERS 1
| #define HAVE_SYS_TYPES_H 1
| #define HAVE_SYS_STAT_H 1
| #define HAVE_STDLIB_H 1
| #define HAVE_STRING_H 1
| #define HAVE_MEMORY_H 1
| #define HAVE_STRINGS_H 1
| #define HAVE_INTTYPES_H 1
| #define HAVE_STDINT_H 1
| #define HAVE_UNISTD_H 1
| /* end confdefs.h.  */
| #include <stdio.h>
| #if HAVE_SYS_TYPES_H
| # include <sys/types.h>
| #endif
| #if HAVE_SYS_STAT_H
| # include <sys/stat.h>
| #endif
| #if STDC_HEADERS
| # include <stdlib.h>
| # include <stddef.h>
| #else
| # if HAVE_STDLIB_H
| #  include <stdlib.h>
| # endif
| #endif
| #if HAVE_STRING_H
| # if !STDC_HEADERS && HAVE_MEMORY_H
| #  include <memory.h>
| # endif
| # include <string.h>
| #endif
| #if HAVE_STRINGS_H
| # include <strings.h>
| #endif
| #if HAVE_INTTYPES_H
| # include <inttypes.h>
| #else
| # if HAVE_STDINT_H
| #  include <stdint.h>
| # endif
| #endif
| #if HAVE_UNISTD_H
| # include <unistd.h>
| #endif
| #include <termio.h>
configure:3006: result: no
configure:3010: checking termio.h presence
configure:3020: arm-mingw32ce-gcc -E  conftest.c
conftest.c:20:20: error: termio.h: No such file or directory
configure:3026: $? = 1
configure: failed program was:
| /* confdefs.h.  */
| 
| #define PACKAGE_NAME ""
| #define PACKAGE_TARNAME ""
| #define PACKAGE_VERSION ""
| #define PACKAGE_STRING ""
| #define PACKAGE_BUGREPORT ""
| #define _GNU_SOURCE 1
| #define STDC_HEADERS 1
| #define HAVE_SYS_TYPES_H 1
| #define HAVE_SYS_STAT_H 1
| #define HAVE_STDLIB_H 1
| #define HAVE_STRING_H 1
| #define HAVE_MEMORY_H 1
| #define HAVE_STRINGS_H 1
| #define HAVE_INTTYPES_H 1
| #define HAVE_STDINT_H 1
| #define HAVE_UNISTD_H 1
| /* end confdefs.h.  */
| #include <termio.h>
configure:3046: result: no
configure:3081: checking for termio.h
configure:3088: result: no
configure:2965: checking termios.h usability
configure:2977: arm-mingw32ce-gcc -c -g -O2  conftest.c >&5
conftest.c:54:21: error: termios.h: No such file or directory
configure:2983: $? = 1
configure: failed program was:
| /* confdefs.h.  */
| 
| #define PACKAGE_NAME ""
| #define PACKAGE_TARNAME ""
| #define PACKAGE_VERSION ""
| #define PACKAGE_STRING ""
| #define PACKAGE_BUGREPORT ""
| #define _GNU_SOURCE 1
| #define STDC_HEADERS 1
| #define HAVE_SYS_TYPES_H 1
| #define HAVE_SYS_STAT_H 1
| #define HAVE_STDLIB_H 1
| #define HAVE_STRING_H 1
| #define HAVE_MEMORY_H 1
| #define HAVE_STRINGS_H 1
| #define HAVE_INTTYPES_H 1
| #define HAVE_STDINT_H 1
| #define HAVE_UNISTD_H 1
| /* end confdefs.h.  */
| #include <stdio.h>
| #if HAVE_SYS_TYPES_H
| # include <sys/types.h>
| #endif
| #if HAVE_SYS_STAT_H
| # include <sys/stat.h>
| #endif
| #if STDC_HEADERS
| # include <stdlib.h>
| # include <stddef.h>
| #else
| # if HAVE_STDLIB_H
| #  include <stdlib.h>
| # endif
| #endif
| #if HAVE_STRING_H
| # if !STDC_HEADERS && HAVE_MEMORY_H
| #  include <memory.h>
| # endif
| # include <string.h>
| #endif
| #if HAVE_STRINGS_H
| # include <strings.h>
| #endif
| #if HAVE_INTTYPES_H
| # include <inttypes.h>
| #else
| # if HAVE_STDINT_H
| #  include <stdint.h>
| # endif
| #endif
| #if HAVE_UNISTD_H
| # include <unistd.h>
| #endif
| #include <termios.h>
configure:3006: result: no
configure:3010: checking termios.h presence
configure:3020: arm-mingw32ce-gcc -E  conftest.c
conftest.c:20:21: error: termios.h: No such file or directory
configure:3026: $? = 1
configure: failed program was:
| /* confdefs.h.  */
| 
| #define PACKAGE_NAME ""
| #define PACKAGE_TARNAME ""
| #define PACKAGE_VERSION ""
| #define PACKAGE_STRING ""
| #define PACKAGE_BUGREPORT ""
| #define _GNU_SOURCE 1
| #define STDC_HEADERS 1
| #define HAVE_SYS_TYPES_H 1
| #define HAVE_SYS_STAT_H 1
| #define HAVE_STDLIB_H 1
| #define HAVE_STRING_H 1
| #define HAVE_MEMORY_H 1
| #define HAVE_STRINGS_H 1
| #define HAVE_INTTYPES_H 1
| #define HAVE_STDINT_H 1
| #define HAVE_UNISTD_H 1
| /* end confdefs.h.  */
| #include <termios.h>
configure:3046: result: no
configure:3081: checking for termios.h
configure:3088: result: no
configure:2965: checking sys/reg.h usability
configure:2977: arm-mingw32ce-gcc -c -g -O2  conftest.c >&5
conftest.c:54:21: error: sys/reg.h: No such file or directory
configure:2983: $? = 1
configure: failed program was:
| /* confdefs.h.  */
| 
| #define PACKAGE_NAME ""
| #define PACKAGE_TARNAME ""
| #define PACKAGE_VERSION ""
| #define PACKAGE_STRING ""
| #define PACKAGE_BUGREPORT ""
| #define _GNU_SOURCE 1
| #define STDC_HEADERS 1
| #define HAVE_SYS_TYPES_H 1
| #define HAVE_SYS_STAT_H 1
| #define HAVE_STDLIB_H 1
| #define HAVE_STRING_H 1
| #define HAVE_MEMORY_H 1
| #define HAVE_STRINGS_H 1
| #define HAVE_INTTYPES_H 1
| #define HAVE_STDINT_H 1
| #define HAVE_UNISTD_H 1
| /* end confdefs.h.  */
| #include <stdio.h>
| #if HAVE_SYS_TYPES_H
| # include <sys/types.h>
| #endif
| #if HAVE_SYS_STAT_H
| # include <sys/stat.h>
| #endif
| #if STDC_HEADERS
| # include <stdlib.h>
| # include <stddef.h>
| #else
| # if HAVE_STDLIB_H
| #  include <stdlib.h>
| # endif
| #endif
| #if HAVE_STRING_H
| # if !STDC_HEADERS && HAVE_MEMORY_H
| #  include <memory.h>
| # endif
| # include <string.h>
| #endif
| #if HAVE_STRINGS_H
| # include <strings.h>
| #endif
| #if HAVE_INTTYPES_H
| # include <inttypes.h>
| #else
| # if HAVE_STDINT_H
| #  include <stdint.h>
| # endif
| #endif
| #if HAVE_UNISTD_H
| # include <unistd.h>
| #endif
| #include <sys/reg.h>
configure:3006: result: no
configure:3010: checking sys/reg.h presence
configure:3020: arm-mingw32ce-gcc -E  conftest.c
conftest.c:20:21: error: sys/reg.h: No such file or directory
configure:3026: $? = 1
configure: failed program was:
| /* confdefs.h.  */
| 
| #define PACKAGE_NAME ""
| #define PACKAGE_TARNAME ""
| #define PACKAGE_VERSION ""
| #define PACKAGE_STRING ""
| #define PACKAGE_BUGREPORT ""
| #define _GNU_SOURCE 1
| #define STDC_HEADERS 1
| #define HAVE_SYS_TYPES_H 1
| #define HAVE_SYS_STAT_H 1
| #define HAVE_STDLIB_H 1
| #define HAVE_STRING_H 1
| #define HAVE_MEMORY_H 1
| #define HAVE_STRINGS_H 1
| #define HAVE_INTTYPES_H 1
| #define HAVE_STDINT_H 1
| #define HAVE_UNISTD_H 1
| /* end confdefs.h.  */
| #include <sys/reg.h>
configure:3046: result: no
configure:3081: checking for sys/reg.h
configure:3088: result: no
configure:2956: checking for string.h
configure:2961: result: yes
configure:2965: checking proc_service.h usability
configure:2977: arm-mingw32ce-gcc -c -g -O2  conftest.c >&5
conftest.c:55:26: error: proc_service.h: No such file or directory
configure:2983: $? = 1
configure: failed program was:
| /* confdefs.h.  */
| 
| #define PACKAGE_NAME ""
| #define PACKAGE_TARNAME ""
| #define PACKAGE_VERSION ""
| #define PACKAGE_STRING ""
| #define PACKAGE_BUGREPORT ""
| #define _GNU_SOURCE 1
| #define STDC_HEADERS 1
| #define HAVE_SYS_TYPES_H 1
| #define HAVE_SYS_STAT_H 1
| #define HAVE_STDLIB_H 1
| #define HAVE_STRING_H 1
| #define HAVE_MEMORY_H 1
| #define HAVE_STRINGS_H 1
| #define HAVE_INTTYPES_H 1
| #define HAVE_STDINT_H 1
| #define HAVE_UNISTD_H 1
| #define HAVE_STRING_H 1
| /* end confdefs.h.  */
| #include <stdio.h>
| #if HAVE_SYS_TYPES_H
| # include <sys/types.h>
| #endif
| #if HAVE_SYS_STAT_H
| # include <sys/stat.h>
| #endif
| #if STDC_HEADERS
| # include <stdlib.h>
| # include <stddef.h>
| #else
| # if HAVE_STDLIB_H
| #  include <stdlib.h>
| # endif
| #endif
| #if HAVE_STRING_H
| # if !STDC_HEADERS && HAVE_MEMORY_H
| #  include <memory.h>
| # endif
| # include <string.h>
| #endif
| #if HAVE_STRINGS_H
| # include <strings.h>
| #endif
| #if HAVE_INTTYPES_H
| # include <inttypes.h>
| #else
| # if HAVE_STDINT_H
| #  include <stdint.h>
| # endif
| #endif
| #if HAVE_UNISTD_H
| # include <unistd.h>
| #endif
| #include <proc_service.h>
configure:3006: result: no
configure:3010: checking proc_service.h presence
configure:3020: arm-mingw32ce-gcc -E  conftest.c
conftest.c:21:26: error: proc_service.h: No such file or directory
configure:3026: $? = 1
configure: failed program was:
| /* confdefs.h.  */
| 
| #define PACKAGE_NAME ""
| #define PACKAGE_TARNAME ""
| #define PACKAGE_VERSION ""
| #define PACKAGE_STRING ""
| #define PACKAGE_BUGREPORT ""
| #define _GNU_SOURCE 1
| #define STDC_HEADERS 1
| #define HAVE_SYS_TYPES_H 1
| #define HAVE_SYS_STAT_H 1
| #define HAVE_STDLIB_H 1
| #define HAVE_STRING_H 1
| #define HAVE_MEMORY_H 1
| #define HAVE_STRINGS_H 1
| #define HAVE_INTTYPES_H 1
| #define HAVE_STDINT_H 1
| #define HAVE_UNISTD_H 1
| #define HAVE_STRING_H 1
| /* end confdefs.h.  */
| #include <proc_service.h>
configure:3046: result: no
configure:3081: checking for proc_service.h
configure:3088: result: no
configure:2965: checking sys/procfs.h usability
configure:2977: arm-mingw32ce-gcc -c -g -O2  conftest.c >&5
conftest.c:55:24: error: sys/procfs.h: No such file or directory
configure:2983: $? = 1
configure: failed program was:
| /* confdefs.h.  */
| 
| #define PACKAGE_NAME ""
| #define PACKAGE_TARNAME ""
| #define PACKAGE_VERSION ""
| #define PACKAGE_STRING ""
| #define PACKAGE_BUGREPORT ""
| #define _GNU_SOURCE 1
| #define STDC_HEADERS 1
| #define HAVE_SYS_TYPES_H 1
| #define HAVE_SYS_STAT_H 1
| #define HAVE_STDLIB_H 1
| #define HAVE_STRING_H 1
| #define HAVE_MEMORY_H 1
| #define HAVE_STRINGS_H 1
| #define HAVE_INTTYPES_H 1
| #define HAVE_STDINT_H 1
| #define HAVE_UNISTD_H 1
| #define HAVE_STRING_H 1
| /* end confdefs.h.  */
| #include <stdio.h>
| #if HAVE_SYS_TYPES_H
| # include <sys/types.h>
| #endif
| #if HAVE_SYS_STAT_H
| # include <sys/stat.h>
| #endif
| #if STDC_HEADERS
| # include <stdlib.h>
| # include <stddef.h>
| #else
| # if HAVE_STDLIB_H
| #  include <stdlib.h>
| # endif
| #endif
| #if HAVE_STRING_H
| # if !STDC_HEADERS && HAVE_MEMORY_H
| #  include <memory.h>
| # endif
| # include <string.h>
| #endif
| #if HAVE_STRINGS_H
| # include <strings.h>
| #endif
| #if HAVE_INTTYPES_H
| # include <inttypes.h>
| #else
| # if HAVE_STDINT_H
| #  include <stdint.h>
| # endif
| #endif
| #if HAVE_UNISTD_H
| # include <unistd.h>
| #endif
| #include <sys/procfs.h>
configure:3006: result: no
configure:3010: checking sys/procfs.h presence
configure:3020: arm-mingw32ce-gcc -E  conftest.c
conftest.c:21:24: error: sys/procfs.h: No such file or directory
configure:3026: $? = 1
configure: failed program was:
| /* confdefs.h.  */
| 
| #define PACKAGE_NAME ""
| #define PACKAGE_TARNAME ""
| #define PACKAGE_VERSION ""
| #define PACKAGE_STRING ""
| #define PACKAGE_BUGREPORT ""
| #define _GNU_SOURCE 1
| #define STDC_HEADERS 1
| #define HAVE_SYS_TYPES_H 1
| #define HAVE_SYS_STAT_H 1
| #define HAVE_STDLIB_H 1
| #define HAVE_STRING_H 1
| #define HAVE_MEMORY_H 1
| #define HAVE_STRINGS_H 1
| #define HAVE_INTTYPES_H 1
| #define HAVE_STDINT_H 1
| #define HAVE_UNISTD_H 1
| #define HAVE_STRING_H 1
| /* end confdefs.h.  */
| #include <sys/procfs.h>
configure:3046: result: no
configure:3081: checking for sys/procfs.h
configure:3088: result: no
configure:2965: checking thread_db.h usability
configure:2977: arm-mingw32ce-gcc -c -g -O2  conftest.c >&5
conftest.c:55:23: error: thread_db.h: No such file or directory
configure:2983: $? = 1
configure: failed program was:
| /* confdefs.h.  */
| 
| #define PACKAGE_NAME ""
| #define PACKAGE_TARNAME ""
| #define PACKAGE_VERSION ""
| #define PACKAGE_STRING ""
| #define PACKAGE_BUGREPORT ""
| #define _GNU_SOURCE 1
| #define STDC_HEADERS 1
| #define HAVE_SYS_TYPES_H 1
| #define HAVE_SYS_STAT_H 1
| #define HAVE_STDLIB_H 1
| #define HAVE_STRING_H 1
| #define HAVE_MEMORY_H 1
| #define HAVE_STRINGS_H 1
| #define HAVE_INTTYPES_H 1
| #define HAVE_STDINT_H 1
| #define HAVE_UNISTD_H 1
| #define HAVE_STRING_H 1
| /* end confdefs.h.  */
| #include <stdio.h>
| #if HAVE_SYS_TYPES_H
| # include <sys/types.h>
| #endif
| #if HAVE_SYS_STAT_H
| # include <sys/stat.h>
| #endif
| #if STDC_HEADERS
| # include <stdlib.h>
| # include <stddef.h>
| #else
| # if HAVE_STDLIB_H
| #  include <stdlib.h>
| # endif
| #endif
| #if HAVE_STRING_H
| # if !STDC_HEADERS && HAVE_MEMORY_H
| #  include <memory.h>
| # endif
| # include <string.h>
| #endif
| #if HAVE_STRINGS_H
| # include <strings.h>
| #endif
| #if HAVE_INTTYPES_H
| # include <inttypes.h>
| #else
| # if HAVE_STDINT_H
| #  include <stdint.h>
| # endif
| #endif
| #if HAVE_UNISTD_H
| # include <unistd.h>
| #endif
| #include <thread_db.h>
configure:3006: result: no
configure:3010: checking thread_db.h presence
configure:3020: arm-mingw32ce-gcc -E  conftest.c
conftest.c:21:23: error: thread_db.h: No such file or directory
configure:3026: $? = 1
configure: failed program was:
| /* confdefs.h.  */
| 
| #define PACKAGE_NAME ""
| #define PACKAGE_TARNAME ""
| #define PACKAGE_VERSION ""
| #define PACKAGE_STRING ""
| #define PACKAGE_BUGREPORT ""
| #define _GNU_SOURCE 1
| #define STDC_HEADERS 1
| #define HAVE_SYS_TYPES_H 1
| #define HAVE_SYS_STAT_H 1
| #define HAVE_STDLIB_H 1
| #define HAVE_STRING_H 1
| #define HAVE_MEMORY_H 1
| #define HAVE_STRINGS_H 1
| #define HAVE_INTTYPES_H 1
| #define HAVE_STDINT_H 1
| #define HAVE_UNISTD_H 1
| #define HAVE_STRING_H 1
| /* end confdefs.h.  */
| #include <thread_db.h>
configure:3046: result: no
configure:3081: checking for thread_db.h
configure:3088: result: no
configure:2965: checking linux/elf.h usability
configure:2977: arm-mingw32ce-gcc -c -g -O2  conftest.c >&5
conftest.c:55:23: error: linux/elf.h: No such file or directory
configure:2983: $? = 1
configure: failed program was:
| /* confdefs.h.  */
| 
| #define PACKAGE_NAME ""
| #define PACKAGE_TARNAME ""
| #define PACKAGE_VERSION ""
| #define PACKAGE_STRING ""
| #define PACKAGE_BUGREPORT ""
| #define _GNU_SOURCE 1
| #define STDC_HEADERS 1
| #define HAVE_SYS_TYPES_H 1
| #define HAVE_SYS_STAT_H 1
| #define HAVE_STDLIB_H 1
| #define HAVE_STRING_H 1
| #define HAVE_MEMORY_H 1
| #define HAVE_STRINGS_H 1
| #define HAVE_INTTYPES_H 1
| #define HAVE_STDINT_H 1
| #define HAVE_UNISTD_H 1
| #define HAVE_STRING_H 1
| /* end confdefs.h.  */
| #include <stdio.h>
| #if HAVE_SYS_TYPES_H
| # include <sys/types.h>
| #endif
| #if HAVE_SYS_STAT_H
| # include <sys/stat.h>
| #endif
| #if STDC_HEADERS
| # include <stdlib.h>
| # include <stddef.h>
| #else
| # if HAVE_STDLIB_H
| #  include <stdlib.h>
| # endif
| #endif
| #if HAVE_STRING_H
| # if !STDC_HEADERS && HAVE_MEMORY_H
| #  include <memory.h>
| # endif
| # include <string.h>
| #endif
| #if HAVE_STRINGS_H
| # include <strings.h>
| #endif
| #if HAVE_INTTYPES_H
| # include <inttypes.h>
| #else
| # if HAVE_STDINT_H
| #  include <stdint.h>
| # endif
| #endif
| #if HAVE_UNISTD_H
| # include <unistd.h>
| #endif
| #include <linux/elf.h>
configure:3006: result: no
configure:3010: checking linux/elf.h presence
configure:3020: arm-mingw32ce-gcc -E  conftest.c
conftest.c:21:23: error: linux/elf.h: No such file or directory
configure:3026: $? = 1
configure: failed program was:
| /* confdefs.h.  */
| 
| #define PACKAGE_NAME ""
| #define PACKAGE_TARNAME ""
| #define PACKAGE_VERSION ""
| #define PACKAGE_STRING ""
| #define PACKAGE_BUGREPORT ""
| #define _GNU_SOURCE 1
| #define STDC_HEADERS 1
| #define HAVE_SYS_TYPES_H 1
| #define HAVE_SYS_STAT_H 1
| #define HAVE_STDLIB_H 1
| #define HAVE_STRING_H 1
| #define HAVE_MEMORY_H 1
| #define HAVE_STRINGS_H 1
| #define HAVE_INTTYPES_H 1
| #define HAVE_STDINT_H 1
| #define HAVE_UNISTD_H 1
| #define HAVE_STRING_H 1
| /* end confdefs.h.  */
| #include <linux/elf.h>
configure:3046: result: no
configure:3081: checking for linux/elf.h
configure:3088: result: no
configure:2956: checking for stdlib.h
configure:2961: result: yes
configure:2956: checking for unistd.h
configure:2961: result: yes
configure:2965: checking errno.h usability
configure:2977: arm-mingw32ce-gcc -c -g -O2  conftest.c >&5
In file included from conftest.c:57:
/opt/mingw32ce/lib/gcc/arm-mingw32ce/4.4.0/../../../../arm-mingw32ce/include/errno.h:12:25: error: no include path in which to search for errno.h
configure:2983: $? = 1
configure: failed program was:
| /* confdefs.h.  */
| 
| #define PACKAGE_NAME ""
| #define PACKAGE_TARNAME ""
| #define PACKAGE_VERSION ""
| #define PACKAGE_STRING ""
| #define PACKAGE_BUGREPORT ""
| #define _GNU_SOURCE 1
| #define STDC_HEADERS 1
| #define HAVE_SYS_TYPES_H 1
| #define HAVE_SYS_STAT_H 1
| #define HAVE_STDLIB_H 1
| #define HAVE_STRING_H 1
| #define HAVE_MEMORY_H 1
| #define HAVE_STRINGS_H 1
| #define HAVE_INTTYPES_H 1
| #define HAVE_STDINT_H 1
| #define HAVE_UNISTD_H 1
| #define HAVE_STRING_H 1
| #define HAVE_STDLIB_H 1
| #define HAVE_UNISTD_H 1
| /* end confdefs.h.  */
| #include <stdio.h>
| #if HAVE_SYS_TYPES_H
| # include <sys/types.h>
| #endif
| #if HAVE_SYS_STAT_H
| # include <sys/stat.h>
| #endif
| #if STDC_HEADERS
| # include <stdlib.h>
| # include <stddef.h>
| #else
| # if HAVE_STDLIB_H
| #  include <stdlib.h>
| # endif
| #endif
| #if HAVE_STRING_H
| # if !STDC_HEADERS && HAVE_MEMORY_H
| #  include <memory.h>
| # endif
| # include <string.h>
| #endif
| #if HAVE_STRINGS_H
| # include <strings.h>
| #endif
| #if HAVE_INTTYPES_H
| # include <inttypes.h>
| #else
| # if HAVE_STDINT_H
| #  include <stdint.h>
| # endif
| #endif
| #if HAVE_UNISTD_H
| # include <unistd.h>
| #endif
| #include <errno.h>
configure:3006: result: no
configure:3010: checking errno.h presence
configure:3020: arm-mingw32ce-gcc -E  conftest.c
In file included from conftest.c:23:
/opt/mingw32ce/lib/gcc/arm-mingw32ce/4.4.0/../../../../arm-mingw32ce/include/errno.h:12:25: error: no include path in which to search for errno.h
configure:3026: $? = 1
configure: failed program was:
| /* confdefs.h.  */
| 
| #define PACKAGE_NAME ""
| #define PACKAGE_TARNAME ""
| #define PACKAGE_VERSION ""
| #define PACKAGE_STRING ""
| #define PACKAGE_BUGREPORT ""
| #define _GNU_SOURCE 1
| #define STDC_HEADERS 1
| #define HAVE_SYS_TYPES_H 1
| #define HAVE_SYS_STAT_H 1
| #define HAVE_STDLIB_H 1
| #define HAVE_STRING_H 1
| #define HAVE_MEMORY_H 1
| #define HAVE_STRINGS_H 1
| #define HAVE_INTTYPES_H 1
| #define HAVE_STDINT_H 1
| #define HAVE_UNISTD_H 1
| #define HAVE_STRING_H 1
| #define HAVE_STDLIB_H 1
| #define HAVE_UNISTD_H 1
| /* end confdefs.h.  */
| #include <errno.h>
configure:3046: result: no
configure:3081: checking for errno.h
configure:3088: result: no
configure:2965: checking fcntl.h usability
configure:2977: arm-mingw32ce-gcc -c -g -O2  conftest.c >&5
configure:2983: $? = 0
configure:2987: test -z 
			 || test ! -s conftest.err
configure:2990: $? = 0
configure:2993: test -s conftest.o
configure:2996: $? = 0
configure:3006: result: yes
configure:3010: checking fcntl.h presence
configure:3020: arm-mingw32ce-gcc -E  conftest.c
configure:3026: $? = 0
configure:3046: result: yes
configure:3081: checking for fcntl.h
configure:3088: result: yes
configure:2965: checking signal.h usability
configure:2977: arm-mingw32ce-gcc -c -g -O2  conftest.c >&5
In file included from conftest.c:58:
/opt/mingw32ce/lib/gcc/arm-mingw32ce/4.4.0/../../../../arm-mingw32ce/include/signal.h:12:26: error: no include path in which to search for signal.h
configure:2983: $? = 1
configure: failed program was:
| /* confdefs.h.  */
| 
| #define PACKAGE_NAME ""
| #define PACKAGE_TARNAME ""
| #define PACKAGE_VERSION ""
| #define PACKAGE_STRING ""
| #define PACKAGE_BUGREPORT ""
| #define _GNU_SOURCE 1
| #define STDC_HEADERS 1
| #define HAVE_SYS_TYPES_H 1
| #define HAVE_SYS_STAT_H 1
| #define HAVE_STDLIB_H 1
| #define HAVE_STRING_H 1
| #define HAVE_MEMORY_H 1
| #define HAVE_STRINGS_H 1
| #define HAVE_INTTYPES_H 1
| #define HAVE_STDINT_H 1
| #define HAVE_UNISTD_H 1
| #define HAVE_STRING_H 1
| #define HAVE_STDLIB_H 1
| #define HAVE_UNISTD_H 1
| #define HAVE_FCNTL_H 1
| /* end confdefs.h.  */
| #include <stdio.h>
| #if HAVE_SYS_TYPES_H
| # include <sys/types.h>
| #endif
| #if HAVE_SYS_STAT_H
| # include <sys/stat.h>
| #endif
| #if STDC_HEADERS
| # include <stdlib.h>
| # include <stddef.h>
| #else
| # if HAVE_STDLIB_H
| #  include <stdlib.h>
| # endif
| #endif
| #if HAVE_STRING_H
| # if !STDC_HEADERS && HAVE_MEMORY_H
| #  include <memory.h>
| # endif
| # include <string.h>
| #endif
| #if HAVE_STRINGS_H
| # include <strings.h>
| #endif
| #if HAVE_INTTYPES_H
| # include <inttypes.h>
| #else
| # if HAVE_STDINT_H
| #  include <stdint.h>
| # endif
| #endif
| #if HAVE_UNISTD_H
| # include <unistd.h>
| #endif
| #include <signal.h>
configure:3006: result: no
configure:3010: checking signal.h presence
configure:3020: arm-mingw32ce-gcc -E  conftest.c
In file included from conftest.c:24:
/opt/mingw32ce/lib/gcc/arm-mingw32ce/4.4.0/../../../../arm-mingw32ce/include/signal.h:12:26: error: no include path in which to search for signal.h
configure:3026: $? = 1
configure: failed program was:
| /* confdefs.h.  */
| 
| #define PACKAGE_NAME ""
| #define PACKAGE_TARNAME ""
| #define PACKAGE_VERSION ""
| #define PACKAGE_STRING ""
| #define PACKAGE_BUGREPORT ""
| #define _GNU_SOURCE 1
| #define STDC_HEADERS 1
| #define HAVE_SYS_TYPES_H 1
| #define HAVE_SYS_STAT_H 1
| #define HAVE_STDLIB_H 1
| #define HAVE_STRING_H 1
| #define HAVE_MEMORY_H 1
| #define HAVE_STRINGS_H 1
| #define HAVE_INTTYPES_H 1
| #define HAVE_STDINT_H 1
| #define HAVE_UNISTD_H 1
| #define HAVE_STRING_H 1
| #define HAVE_STDLIB_H 1
| #define HAVE_UNISTD_H 1
| #define HAVE_FCNTL_H 1
| /* end confdefs.h.  */
| #include <signal.h>
configure:3046: result: no
configure:3081: checking for signal.h
configure:3088: result: no
configure:2965: checking sys/file.h usability
configure:2977: arm-mingw32ce-gcc -c -g -O2  conftest.c >&5
configure:2983: $? = 0
configure:2987: test -z 
			 || test ! -s conftest.err
configure:2990: $? = 0
configure:2993: test -s conftest.o
configure:2996: $? = 0
configure:3006: result: yes
configure:3010: checking sys/file.h presence
configure:3020: arm-mingw32ce-gcc -E  conftest.c
configure:3026: $? = 0
configure:3046: result: yes
configure:3081: checking for sys/file.h
configure:3088: result: yes
configure:2965: checking malloc.h usability
configure:2977: arm-mingw32ce-gcc -c -g -O2  conftest.c >&5
configure:2983: $? = 0
configure:2987: test -z 
			 || test ! -s conftest.err
configure:2990: $? = 0
configure:2993: test -s conftest.o
configure:2996: $? = 0
configure:3006: result: yes
configure:3010: checking malloc.h presence
configure:3020: arm-mingw32ce-gcc -E  conftest.c
configure:3026: $? = 0
configure:3046: result: yes
configure:3081: checking for malloc.h
configure:3088: result: yes
configure:2965: checking sys/ioctl.h usability
configure:2977: arm-mingw32ce-gcc -c -g -O2  conftest.c >&5
conftest.c:60:23: error: sys/ioctl.h: No such file or directory
configure:2983: $? = 1
configure: failed program was:
| /* confdefs.h.  */
| 
| #define PACKAGE_NAME ""
| #define PACKAGE_TARNAME ""
| #define PACKAGE_VERSION ""
| #define PACKAGE_STRING ""
| #define PACKAGE_BUGREPORT ""
| #define _GNU_SOURCE 1
| #define STDC_HEADERS 1
| #define HAVE_SYS_TYPES_H 1
| #define HAVE_SYS_STAT_H 1
| #define HAVE_STDLIB_H 1
| #define HAVE_STRING_H 1
| #define HAVE_MEMORY_H 1
| #define HAVE_STRINGS_H 1
| #define HAVE_INTTYPES_H 1
| #define HAVE_STDINT_H 1
| #define HAVE_UNISTD_H 1
| #define HAVE_STRING_H 1
| #define HAVE_STDLIB_H 1
| #define HAVE_UNISTD_H 1
| #define HAVE_FCNTL_H 1
| #define HAVE_SYS_FILE_H 1
| #define HAVE_MALLOC_H 1
| /* end confdefs.h.  */
| #include <stdio.h>
| #if HAVE_SYS_TYPES_H
| # include <sys/types.h>
| #endif
| #if HAVE_SYS_STAT_H
| # include <sys/stat.h>
| #endif
| #if STDC_HEADERS
| # include <stdlib.h>
| # include <stddef.h>
| #else
| # if HAVE_STDLIB_H
| #  include <stdlib.h>
| # endif
| #endif
| #if HAVE_STRING_H
| # if !STDC_HEADERS && HAVE_MEMORY_H
| #  include <memory.h>
| # endif
| # include <string.h>
| #endif
| #if HAVE_STRINGS_H
| # include <strings.h>
| #endif
| #if HAVE_INTTYPES_H
| # include <inttypes.h>
| #else
| # if HAVE_STDINT_H
| #  include <stdint.h>
| # endif
| #endif
| #if HAVE_UNISTD_H
| # include <unistd.h>
| #endif
| #include <sys/ioctl.h>
configure:3006: result: no
configure:3010: checking sys/ioctl.h presence
configure:3020: arm-mingw32ce-gcc -E  conftest.c
conftest.c:26:23: error: sys/ioctl.h: No such file or directory
configure:3026: $? = 1
configure: failed program was:
| /* confdefs.h.  */
| 
| #define PACKAGE_NAME ""
| #define PACKAGE_TARNAME ""
| #define PACKAGE_VERSION ""
| #define PACKAGE_STRING ""
| #define PACKAGE_BUGREPORT ""
| #define _GNU_SOURCE 1
| #define STDC_HEADERS 1
| #define HAVE_SYS_TYPES_H 1
| #define HAVE_SYS_STAT_H 1
| #define HAVE_STDLIB_H 1
| #define HAVE_STRING_H 1
| #define HAVE_MEMORY_H 1
| #define HAVE_STRINGS_H 1
| #define HAVE_INTTYPES_H 1
| #define HAVE_STDINT_H 1
| #define HAVE_UNISTD_H 1
| #define HAVE_STRING_H 1
| #define HAVE_STDLIB_H 1
| #define HAVE_UNISTD_H 1
| #define HAVE_FCNTL_H 1
| #define HAVE_SYS_FILE_H 1
| #define HAVE_MALLOC_H 1
| /* end confdefs.h.  */
| #include <sys/ioctl.h>
configure:3046: result: no
configure:3081: checking for sys/ioctl.h
configure:3088: result: no
configure:2965: checking netinet/in.h usability
configure:2977: arm-mingw32ce-gcc -c -g -O2  conftest.c >&5
conftest.c:60:24: error: netinet/in.h: No such file or directory
configure:2983: $? = 1
configure: failed program was:
| /* confdefs.h.  */
| 
| #define PACKAGE_NAME ""
| #define PACKAGE_TARNAME ""
| #define PACKAGE_VERSION ""
| #define PACKAGE_STRING ""
| #define PACKAGE_BUGREPORT ""
| #define _GNU_SOURCE 1
| #define STDC_HEADERS 1
| #define HAVE_SYS_TYPES_H 1
| #define HAVE_SYS_STAT_H 1
| #define HAVE_STDLIB_H 1
| #define HAVE_STRING_H 1
| #define HAVE_MEMORY_H 1
| #define HAVE_STRINGS_H 1
| #define HAVE_INTTYPES_H 1
| #define HAVE_STDINT_H 1
| #define HAVE_UNISTD_H 1
| #define HAVE_STRING_H 1
| #define HAVE_STDLIB_H 1
| #define HAVE_UNISTD_H 1
| #define HAVE_FCNTL_H 1
| #define HAVE_SYS_FILE_H 1
| #define HAVE_MALLOC_H 1
| /* end confdefs.h.  */
| #include <stdio.h>
| #if HAVE_SYS_TYPES_H
| # include <sys/types.h>
| #endif
| #if HAVE_SYS_STAT_H
| # include <sys/stat.h>
| #endif
| #if STDC_HEADERS
| # include <stdlib.h>
| # include <stddef.h>
| #else
| # if HAVE_STDLIB_H
| #  include <stdlib.h>
| # endif
| #endif
| #if HAVE_STRING_H
| # if !STDC_HEADERS && HAVE_MEMORY_H
| #  include <memory.h>
| # endif
| # include <string.h>
| #endif
| #if HAVE_STRINGS_H
| # include <strings.h>
| #endif
| #if HAVE_INTTYPES_H
| # include <inttypes.h>
| #else
| # if HAVE_STDINT_H
| #  include <stdint.h>
| # endif
| #endif
| #if HAVE_UNISTD_H
| # include <unistd.h>
| #endif
| #include <netinet/in.h>
configure:3006: result: no
configure:3010: checking netinet/in.h presence
configure:3020: arm-mingw32ce-gcc -E  conftest.c
conftest.c:26:24: error: netinet/in.h: No such file or directory
configure:3026: $? = 1
configure: failed program was:
| /* confdefs.h.  */
| 
| #define PACKAGE_NAME ""
| #define PACKAGE_TARNAME ""
| #define PACKAGE_VERSION ""
| #define PACKAGE_STRING ""
| #define PACKAGE_BUGREPORT ""
| #define _GNU_SOURCE 1
| #define STDC_HEADERS 1
| #define HAVE_SYS_TYPES_H 1
| #define HAVE_SYS_STAT_H 1
| #define HAVE_STDLIB_H 1
| #define HAVE_STRING_H 1
| #define HAVE_MEMORY_H 1
| #define HAVE_STRINGS_H 1
| #define HAVE_INTTYPES_H 1
| #define HAVE_STDINT_H 1
| #define HAVE_UNISTD_H 1
| #define HAVE_STRING_H 1
| #define HAVE_STDLIB_H 1
| #define HAVE_UNISTD_H 1
| #define HAVE_FCNTL_H 1
| #define HAVE_SYS_FILE_H 1
| #define HAVE_MALLOC_H 1
| /* end confdefs.h.  */
| #include <netinet/in.h>
configure:3046: result: no
configure:3081: checking for netinet/in.h
configure:3088: result: no
configure:2965: checking sys/socket.h usability
configure:2977: arm-mingw32ce-gcc -c -g -O2  conftest.c >&5
conftest.c:60:24: error: sys/socket.h: No such file or directory
configure:2983: $? = 1
configure: failed program was:
| /* confdefs.h.  */
| 
| #define PACKAGE_NAME ""
| #define PACKAGE_TARNAME ""
| #define PACKAGE_VERSION ""
| #define PACKAGE_STRING ""
| #define PACKAGE_BUGREPORT ""
| #define _GNU_SOURCE 1
| #define STDC_HEADERS 1
| #define HAVE_SYS_TYPES_H 1
| #define HAVE_SYS_STAT_H 1
| #define HAVE_STDLIB_H 1
| #define HAVE_STRING_H 1
| #define HAVE_MEMORY_H 1
| #define HAVE_STRINGS_H 1
| #define HAVE_INTTYPES_H 1
| #define HAVE_STDINT_H 1
| #define HAVE_UNISTD_H 1
| #define HAVE_STRING_H 1
| #define HAVE_STDLIB_H 1
| #define HAVE_UNISTD_H 1
| #define HAVE_FCNTL_H 1
| #define HAVE_SYS_FILE_H 1
| #define HAVE_MALLOC_H 1
| /* end confdefs.h.  */
| #include <stdio.h>
| #if HAVE_SYS_TYPES_H
| # include <sys/types.h>
| #endif
| #if HAVE_SYS_STAT_H
| # include <sys/stat.h>
| #endif
| #if STDC_HEADERS
| # include <stdlib.h>
| # include <stddef.h>
| #else
| # if HAVE_STDLIB_H
| #  include <stdlib.h>
| # endif
| #endif
| #if HAVE_STRING_H
| # if !STDC_HEADERS && HAVE_MEMORY_H
| #  include <memory.h>
| # endif
| # include <string.h>
| #endif
| #if HAVE_STRINGS_H
| # include <strings.h>
| #endif
| #if HAVE_INTTYPES_H
| # include <inttypes.h>
| #else
| # if HAVE_STDINT_H
| #  include <stdint.h>
| # endif
| #endif
| #if HAVE_UNISTD_H
| # include <unistd.h>
| #endif
| #include <sys/socket.h>
configure:3006: result: no
configure:3010: checking sys/socket.h presence
configure:3020: arm-mingw32ce-gcc -E  conftest.c
conftest.c:26:24: error: sys/socket.h: No such file or directory
configure:3026: $? = 1
configure: failed program was:
| /* confdefs.h.  */
| 
| #define PACKAGE_NAME ""
| #define PACKAGE_TARNAME ""
| #define PACKAGE_VERSION ""
| #define PACKAGE_STRING ""
| #define PACKAGE_BUGREPORT ""
| #define _GNU_SOURCE 1
| #define STDC_HEADERS 1
| #define HAVE_SYS_TYPES_H 1
| #define HAVE_SYS_STAT_H 1
| #define HAVE_STDLIB_H 1
| #define HAVE_STRING_H 1
| #define HAVE_MEMORY_H 1
| #define HAVE_STRINGS_H 1
| #define HAVE_INTTYPES_H 1
| #define HAVE_STDINT_H 1
| #define HAVE_UNISTD_H 1
| #define HAVE_STRING_H 1
| #define HAVE_STDLIB_H 1
| #define HAVE_UNISTD_H 1
| #define HAVE_FCNTL_H 1
| #define HAVE_SYS_FILE_H 1
| #define HAVE_MALLOC_H 1
| /* end confdefs.h.  */
| #include <sys/socket.h>
configure:3046: result: no
configure:3081: checking for sys/socket.h
configure:3088: result: no
configure:2965: checking netdb.h usability
configure:2977: arm-mingw32ce-gcc -c -g -O2  conftest.c >&5
conftest.c:60:19: error: netdb.h: No such file or directory
configure:2983: $? = 1
configure: failed program was:
| /* confdefs.h.  */
| 
| #define PACKAGE_NAME ""
| #define PACKAGE_TARNAME ""
| #define PACKAGE_VERSION ""
| #define PACKAGE_STRING ""
| #define PACKAGE_BUGREPORT ""
| #define _GNU_SOURCE 1
| #define STDC_HEADERS 1
| #define HAVE_SYS_TYPES_H 1
| #define HAVE_SYS_STAT_H 1
| #define HAVE_STDLIB_H 1
| #define HAVE_STRING_H 1
| #define HAVE_MEMORY_H 1
| #define HAVE_STRINGS_H 1
| #define HAVE_INTTYPES_H 1
| #define HAVE_STDINT_H 1
| #define HAVE_UNISTD_H 1
| #define HAVE_STRING_H 1
| #define HAVE_STDLIB_H 1
| #define HAVE_UNISTD_H 1
| #define HAVE_FCNTL_H 1
| #define HAVE_SYS_FILE_H 1
| #define HAVE_MALLOC_H 1
| /* end confdefs.h.  */
| #include <stdio.h>
| #if HAVE_SYS_TYPES_H
| # include <sys/types.h>
| #endif
| #if HAVE_SYS_STAT_H
| # include <sys/stat.h>
| #endif
| #if STDC_HEADERS
| # include <stdlib.h>
| # include <stddef.h>
| #else
| # if HAVE_STDLIB_H
| #  include <stdlib.h>
| # endif
| #endif
| #if HAVE_STRING_H
| # if !STDC_HEADERS && HAVE_MEMORY_H
| #  include <memory.h>
| # endif
| # include <string.h>
| #endif
| #if HAVE_STRINGS_H
| # include <strings.h>
| #endif
| #if HAVE_INTTYPES_H
| # include <inttypes.h>
| #else
| # if HAVE_STDINT_H
| #  include <stdint.h>
| # endif
| #endif
| #if HAVE_UNISTD_H
| # include <unistd.h>
| #endif
| #include <netdb.h>
configure:3006: result: no
configure:3010: checking netdb.h presence
configure:3020: arm-mingw32ce-gcc -E  conftest.c
conftest.c:26:19: error: netdb.h: No such file or directory
configure:3026: $? = 1
configure: failed program was:
| /* confdefs.h.  */
| 
| #define PACKAGE_NAME ""
| #define PACKAGE_TARNAME ""
| #define PACKAGE_VERSION ""
| #define PACKAGE_STRING ""
| #define PACKAGE_BUGREPORT ""
| #define _GNU_SOURCE 1
| #define STDC_HEADERS 1
| #define HAVE_SYS_TYPES_H 1
| #define HAVE_SYS_STAT_H 1
| #define HAVE_STDLIB_H 1
| #define HAVE_STRING_H 1
| #define HAVE_MEMORY_H 1
| #define HAVE_STRINGS_H 1
| #define HAVE_INTTYPES_H 1
| #define HAVE_STDINT_H 1
| #define HAVE_UNISTD_H 1
| #define HAVE_STRING_H 1
| #define HAVE_STDLIB_H 1
| #define HAVE_UNISTD_H 1
| #define HAVE_FCNTL_H 1
| #define HAVE_SYS_FILE_H 1
| #define HAVE_MALLOC_H 1
| /* end confdefs.h.  */
| #include <netdb.h>
configure:3046: result: no
configure:3081: checking for netdb.h
configure:3088: result: no
configure:2965: checking netinet/tcp.h usability
configure:2977: arm-mingw32ce-gcc -c -g -O2  conftest.c >&5
conftest.c:60:25: error: netinet/tcp.h: No such file or directory
configure:2983: $? = 1
configure: failed program was:
| /* confdefs.h.  */
| 
| #define PACKAGE_NAME ""
| #define PACKAGE_TARNAME ""
| #define PACKAGE_VERSION ""
| #define PACKAGE_STRING ""
| #define PACKAGE_BUGREPORT ""
| #define _GNU_SOURCE 1
| #define STDC_HEADERS 1
| #define HAVE_SYS_TYPES_H 1
| #define HAVE_SYS_STAT_H 1
| #define HAVE_STDLIB_H 1
| #define HAVE_STRING_H 1
| #define HAVE_MEMORY_H 1
| #define HAVE_STRINGS_H 1
| #define HAVE_INTTYPES_H 1
| #define HAVE_STDINT_H 1
| #define HAVE_UNISTD_H 1
| #define HAVE_STRING_H 1
| #define HAVE_STDLIB_H 1
| #define HAVE_UNISTD_H 1
| #define HAVE_FCNTL_H 1
| #define HAVE_SYS_FILE_H 1
| #define HAVE_MALLOC_H 1
| /* end confdefs.h.  */
| #include <stdio.h>
| #if HAVE_SYS_TYPES_H
| # include <sys/types.h>
| #endif
| #if HAVE_SYS_STAT_H
| # include <sys/stat.h>
| #endif
| #if STDC_HEADERS
| # include <stdlib.h>
| # include <stddef.h>
| #else
| # if HAVE_STDLIB_H
| #  include <stdlib.h>
| # endif
| #endif
| #if HAVE_STRING_H
| # if !STDC_HEADERS && HAVE_MEMORY_H
| #  include <memory.h>
| # endif
| # include <string.h>
| #endif
| #if HAVE_STRINGS_H
| # include <strings.h>
| #endif
| #if HAVE_INTTYPES_H
| # include <inttypes.h>
| #else
| # if HAVE_STDINT_H
| #  include <stdint.h>
| # endif
| #endif
| #if HAVE_UNISTD_H
| # include <unistd.h>
| #endif
| #include <netinet/tcp.h>
configure:3006: result: no
configure:3010: checking netinet/tcp.h presence
configure:3020: arm-mingw32ce-gcc -E  conftest.c
conftest.c:26:25: error: netinet/tcp.h: No such file or directory
configure:3026: $? = 1
configure: failed program was:
| /* confdefs.h.  */
| 
| #define PACKAGE_NAME ""
| #define PACKAGE_TARNAME ""
| #define PACKAGE_VERSION ""
| #define PACKAGE_STRING ""
| #define PACKAGE_BUGREPORT ""
| #define _GNU_SOURCE 1
| #define STDC_HEADERS 1
| #define HAVE_SYS_TYPES_H 1
| #define HAVE_SYS_STAT_H 1
| #define HAVE_STDLIB_H 1
| #define HAVE_STRING_H 1
| #define HAVE_MEMORY_H 1
| #define HAVE_STRINGS_H 1
| #define HAVE_INTTYPES_H 1
| #define HAVE_STDINT_H 1
| #define HAVE_UNISTD_H 1
| #define HAVE_STRING_H 1
| #define HAVE_STDLIB_H 1
| #define HAVE_UNISTD_H 1
| #define HAVE_FCNTL_H 1
| #define HAVE_SYS_FILE_H 1
| #define HAVE_MALLOC_H 1
| /* end confdefs.h.  */
| #include <netinet/tcp.h>
configure:3046: result: no
configure:3081: checking for netinet/tcp.h
configure:3088: result: no
configure:2965: checking arpa/inet.h usability
configure:2977: arm-mingw32ce-gcc -c -g -O2  conftest.c >&5
conftest.c:60:23: error: arpa/inet.h: No such file or directory
configure:2983: $? = 1
configure: failed program was:
| /* confdefs.h.  */
| 
| #define PACKAGE_NAME ""
| #define PACKAGE_TARNAME ""
| #define PACKAGE_VERSION ""
| #define PACKAGE_STRING ""
| #define PACKAGE_BUGREPORT ""
| #define _GNU_SOURCE 1
| #define STDC_HEADERS 1
| #define HAVE_SYS_TYPES_H 1
| #define HAVE_SYS_STAT_H 1
| #define HAVE_STDLIB_H 1
| #define HAVE_STRING_H 1
| #define HAVE_MEMORY_H 1
| #define HAVE_STRINGS_H 1
| #define HAVE_INTTYPES_H 1
| #define HAVE_STDINT_H 1
| #define HAVE_UNISTD_H 1
| #define HAVE_STRING_H 1
| #define HAVE_STDLIB_H 1
| #define HAVE_UNISTD_H 1
| #define HAVE_FCNTL_H 1
| #define HAVE_SYS_FILE_H 1
| #define HAVE_MALLOC_H 1
| /* end confdefs.h.  */
| #include <stdio.h>
| #if HAVE_SYS_TYPES_H
| # include <sys/types.h>
| #endif
| #if HAVE_SYS_STAT_H
| # include <sys/stat.h>
| #endif
| #if STDC_HEADERS
| # include <stdlib.h>
| # include <stddef.h>
| #else
| # if HAVE_STDLIB_H
| #  include <stdlib.h>
| # endif
| #endif
| #if HAVE_STRING_H
| # if !STDC_HEADERS && HAVE_MEMORY_H
| #  include <memory.h>
| # endif
| # include <string.h>
| #endif
| #if HAVE_STRINGS_H
| # include <strings.h>
| #endif
| #if HAVE_INTTYPES_H
| # include <inttypes.h>
| #else
| # if HAVE_STDINT_H
| #  include <stdint.h>
| # endif
| #endif
| #if HAVE_UNISTD_H
| # include <unistd.h>
| #endif
| #include <arpa/inet.h>
configure:3006: result: no
configure:3010: checking arpa/inet.h presence
configure:3020: arm-mingw32ce-gcc -E  conftest.c
conftest.c:26:23: error: arpa/inet.h: No such file or directory
configure:3026: $? = 1
configure: failed program was:
| /* confdefs.h.  */
| 
| #define PACKAGE_NAME ""
| #define PACKAGE_TARNAME ""
| #define PACKAGE_VERSION ""
| #define PACKAGE_STRING ""
| #define PACKAGE_BUGREPORT ""
| #define _GNU_SOURCE 1
| #define STDC_HEADERS 1
| #define HAVE_SYS_TYPES_H 1
| #define HAVE_SYS_STAT_H 1
| #define HAVE_STDLIB_H 1
| #define HAVE_STRING_H 1
| #define HAVE_MEMORY_H 1
| #define HAVE_STRINGS_H 1
| #define HAVE_INTTYPES_H 1
| #define HAVE_STDINT_H 1
| #define HAVE_UNISTD_H 1
| #define HAVE_STRING_H 1
| #define HAVE_STDLIB_H 1
| #define HAVE_UNISTD_H 1
| #define HAVE_FCNTL_H 1
| #define HAVE_SYS_FILE_H 1
| #define HAVE_MALLOC_H 1
| /* end confdefs.h.  */
| #include <arpa/inet.h>
configure:3046: result: no
configure:3081: checking for arpa/inet.h
configure:3088: result: no
configure:2965: checking sys/wait.h usability
configure:2977: arm-mingw32ce-gcc -c -g -O2  conftest.c >&5
conftest.c:60:22: error: sys/wait.h: No such file or directory
configure:2983: $? = 1
configure: failed program was:
| /* confdefs.h.  */
| 
| #define PACKAGE_NAME ""
| #define PACKAGE_TARNAME ""
| #define PACKAGE_VERSION ""
| #define PACKAGE_STRING ""
| #define PACKAGE_BUGREPORT ""
| #define _GNU_SOURCE 1
| #define STDC_HEADERS 1
| #define HAVE_SYS_TYPES_H 1
| #define HAVE_SYS_STAT_H 1
| #define HAVE_STDLIB_H 1
| #define HAVE_STRING_H 1
| #define HAVE_MEMORY_H 1
| #define HAVE_STRINGS_H 1
| #define HAVE_INTTYPES_H 1
| #define HAVE_STDINT_H 1
| #define HAVE_UNISTD_H 1
| #define HAVE_STRING_H 1
| #define HAVE_STDLIB_H 1
| #define HAVE_UNISTD_H 1
| #define HAVE_FCNTL_H 1
| #define HAVE_SYS_FILE_H 1
| #define HAVE_MALLOC_H 1
| /* end confdefs.h.  */
| #include <stdio.h>
| #if HAVE_SYS_TYPES_H
| # include <sys/types.h>
| #endif
| #if HAVE_SYS_STAT_H
| # include <sys/stat.h>
| #endif
| #if STDC_HEADERS
| # include <stdlib.h>
| # include <stddef.h>
| #else
| # if HAVE_STDLIB_H
| #  include <stdlib.h>
| # endif
| #endif
| #if HAVE_STRING_H
| # if !STDC_HEADERS && HAVE_MEMORY_H
| #  include <memory.h>
| # endif
| # include <string.h>
| #endif
| #if HAVE_STRINGS_H
| # include <strings.h>
| #endif
| #if HAVE_INTTYPES_H
| # include <inttypes.h>
| #else
| # if HAVE_STDINT_H
| #  include <stdint.h>
| # endif
| #endif
| #if HAVE_UNISTD_H
| # include <unistd.h>
| #endif
| #include <sys/wait.h>
configure:3006: result: no
configure:3010: checking sys/wait.h presence
configure:3020: arm-mingw32ce-gcc -E  conftest.c
conftest.c:26:22: error: sys/wait.h: No such file or directory
configure:3026: $? = 1
configure: failed program was:
| /* confdefs.h.  */
| 
| #define PACKAGE_NAME ""
| #define PACKAGE_TARNAME ""
| #define PACKAGE_VERSION ""
| #define PACKAGE_STRING ""
| #define PACKAGE_BUGREPORT ""
| #define _GNU_SOURCE 1
| #define STDC_HEADERS 1
| #define HAVE_SYS_TYPES_H 1
| #define HAVE_SYS_STAT_H 1
| #define HAVE_STDLIB_H 1
| #define HAVE_STRING_H 1
| #define HAVE_MEMORY_H 1
| #define HAVE_STRINGS_H 1
| #define HAVE_INTTYPES_H 1
| #define HAVE_STDINT_H 1
| #define HAVE_UNISTD_H 1
| #define HAVE_STRING_H 1
| #define HAVE_STDLIB_H 1
| #define HAVE_UNISTD_H 1
| #define HAVE_FCNTL_H 1
| #define HAVE_SYS_FILE_H 1
| #define HAVE_MALLOC_H 1
| /* end confdefs.h.  */
| #include <sys/wait.h>
configure:3046: result: no
configure:3081: checking for sys/wait.h
configure:3088: result: no
configure:3107: checking for pread
configure:3164: arm-mingw32ce-gcc -o conftest.exe -g -O2   conftest.c  >&5
/tmp/ccspCoJY.o: In function `main':
/home/danny/tmp/arm/test/gdbserver/conftest.c:69: undefined reference to `pread'
/tmp/ccspCoJY.o:conftest.c:(.data+0x0): undefined reference to `pread'
collect2: ld returned 1 exit status
configure:3170: $? = 1
configure: failed program was:
| /* confdefs.h.  */
| 
| #define PACKAGE_NAME ""
| #define PACKAGE_TARNAME ""
| #define PACKAGE_VERSION ""
| #define PACKAGE_STRING ""
| #define PACKAGE_BUGREPORT ""
| #define _GNU_SOURCE 1
| #define STDC_HEADERS 1
| #define HAVE_SYS_TYPES_H 1
| #define HAVE_SYS_STAT_H 1
| #define HAVE_STDLIB_H 1
| #define HAVE_STRING_H 1
| #define HAVE_MEMORY_H 1
| #define HAVE_STRINGS_H 1
| #define HAVE_INTTYPES_H 1
| #define HAVE_STDINT_H 1
| #define HAVE_UNISTD_H 1
| #define HAVE_STRING_H 1
| #define HAVE_STDLIB_H 1
| #define HAVE_UNISTD_H 1
| #define HAVE_FCNTL_H 1
| #define HAVE_SYS_FILE_H 1
| #define HAVE_MALLOC_H 1
| /* end confdefs.h.  */
| /* Define pread to an innocuous variant, in case <limits.h> declares pread.
|    For example, HP-UX 11i <limits.h> declares gettimeofday.  */
| #define pread innocuous_pread
| 
| /* System header to define __stub macros and hopefully few prototypes,
|     which can conflict with char pread (); below.
|     Prefer <limits.h> to <assert.h> if __STDC__ is defined, since
|     <limits.h> exists even on freestanding compilers.  */
| 
| #ifdef __STDC__
| # include <limits.h>
| #else
| # include <assert.h>
| #endif
| 
| #undef pread
| 
| /* Override any gcc2 internal prototype to avoid an error.  */
| #ifdef __cplusplus
| extern "C"
| {
| #endif
| /* We use char because int might match the return type of a gcc2
|    builtin and then its argument prototype would still apply.  */
| char pread ();
| /* The GNU C library defines this for functions which it implements
|     to always fail with ENOSYS.  Some functions are actually named
|     something starting with __ and the normal name is an alias.  */
| #if defined (__stub_pread) || defined (__stub___pread)
| choke me
| #else
| char (*f) () = pread;
| #endif
| #ifdef __cplusplus
| }
| #endif
| 
| int
| main ()
| {
| return f != pread;
|   ;
|   return 0;
| }
configure:3195: result: no
configure:3107: checking for pwrite
configure:3164: arm-mingw32ce-gcc -o conftest.exe -g -O2   conftest.c  >&5
/tmp/ccolr736.o: In function `main':
/home/danny/tmp/arm/test/gdbserver/conftest.c:69: undefined reference to `pwrite'
/tmp/ccolr736.o:conftest.c:(.data+0x0): undefined reference to `pwrite'
collect2: ld returned 1 exit status
configure:3170: $? = 1
configure: failed program was:
| /* confdefs.h.  */
| 
| #define PACKAGE_NAME ""
| #define PACKAGE_TARNAME ""
| #define PACKAGE_VERSION ""
| #define PACKAGE_STRING ""
| #define PACKAGE_BUGREPORT ""
| #define _GNU_SOURCE 1
| #define STDC_HEADERS 1
| #define HAVE_SYS_TYPES_H 1
| #define HAVE_SYS_STAT_H 1
| #define HAVE_STDLIB_H 1
| #define HAVE_STRING_H 1
| #define HAVE_MEMORY_H 1
| #define HAVE_STRINGS_H 1
| #define HAVE_INTTYPES_H 1
| #define HAVE_STDINT_H 1
| #define HAVE_UNISTD_H 1
| #define HAVE_STRING_H 1
| #define HAVE_STDLIB_H 1
| #define HAVE_UNISTD_H 1
| #define HAVE_FCNTL_H 1
| #define HAVE_SYS_FILE_H 1
| #define HAVE_MALLOC_H 1
| /* end confdefs.h.  */
| /* Define pwrite to an innocuous variant, in case <limits.h> declares pwrite.
|    For example, HP-UX 11i <limits.h> declares gettimeofday.  */
| #define pwrite innocuous_pwrite
| 
| /* System header to define __stub macros and hopefully few prototypes,
|     which can conflict with char pwrite (); below.
|     Prefer <limits.h> to <assert.h> if __STDC__ is defined, since
|     <limits.h> exists even on freestanding compilers.  */
| 
| #ifdef __STDC__
| # include <limits.h>
| #else
| # include <assert.h>
| #endif
| 
| #undef pwrite
| 
| /* Override any gcc2 internal prototype to avoid an error.  */
| #ifdef __cplusplus
| extern "C"
| {
| #endif
| /* We use char because int might match the return type of a gcc2
|    builtin and then its argument prototype would still apply.  */
| char pwrite ();
| /* The GNU C library defines this for functions which it implements
|     to always fail with ENOSYS.  Some functions are actually named
|     something starting with __ and the normal name is an alias.  */
| #if defined (__stub_pwrite) || defined (__stub___pwrite)
| choke me
| #else
| char (*f) () = pwrite;
| #endif
| #ifdef __cplusplus
| }
| #endif
| 
| int
| main ()
| {
| return f != pwrite;
|   ;
|   return 0;
| }
configure:3195: result: no
configure:3107: checking for pread64
configure:3164: arm-mingw32ce-gcc -o conftest.exe -g -O2   conftest.c  >&5
/tmp/ccWI0N8a.o: In function `main':
/home/danny/tmp/arm/test/gdbserver/conftest.c:69: undefined reference to `pread64'
/tmp/ccWI0N8a.o:conftest.c:(.data+0x0): undefined reference to `pread64'
collect2: ld returned 1 exit status
configure:3170: $? = 1
configure: failed program was:
| /* confdefs.h.  */
| 
| #define PACKAGE_NAME ""
| #define PACKAGE_TARNAME ""
| #define PACKAGE_VERSION ""
| #define PACKAGE_STRING ""
| #define PACKAGE_BUGREPORT ""
| #define _GNU_SOURCE 1
| #define STDC_HEADERS 1
| #define HAVE_SYS_TYPES_H 1
| #define HAVE_SYS_STAT_H 1
| #define HAVE_STDLIB_H 1
| #define HAVE_STRING_H 1
| #define HAVE_MEMORY_H 1
| #define HAVE_STRINGS_H 1
| #define HAVE_INTTYPES_H 1
| #define HAVE_STDINT_H 1
| #define HAVE_UNISTD_H 1
| #define HAVE_STRING_H 1
| #define HAVE_STDLIB_H 1
| #define HAVE_UNISTD_H 1
| #define HAVE_FCNTL_H 1
| #define HAVE_SYS_FILE_H 1
| #define HAVE_MALLOC_H 1
| /* end confdefs.h.  */
| /* Define pread64 to an innocuous variant, in case <limits.h> declares pread64.
|    For example, HP-UX 11i <limits.h> declares gettimeofday.  */
| #define pread64 innocuous_pread64
| 
| /* System header to define __stub macros and hopefully few prototypes,
|     which can conflict with char pread64 (); below.
|     Prefer <limits.h> to <assert.h> if __STDC__ is defined, since
|     <limits.h> exists even on freestanding compilers.  */
| 
| #ifdef __STDC__
| # include <limits.h>
| #else
| # include <assert.h>
| #endif
| 
| #undef pread64
| 
| /* Override any gcc2 internal prototype to avoid an error.  */
| #ifdef __cplusplus
| extern "C"
| {
| #endif
| /* We use char because int might match the return type of a gcc2
|    builtin and then its argument prototype would still apply.  */
| char pread64 ();
| /* The GNU C library defines this for functions which it implements
|     to always fail with ENOSYS.  Some functions are actually named
|     something starting with __ and the normal name is an alias.  */
| #if defined (__stub_pread64) || defined (__stub___pread64)
| choke me
| #else
| char (*f) () = pread64;
| #endif
| #ifdef __cplusplus
| }
| #endif
| 
| int
| main ()
| {
| return f != pread64;
|   ;
|   return 0;
| }
configure:3195: result: no
configure:3207: checking for errno
configure:3228: arm-mingw32ce-gcc -o conftest.exe -g -O2   conftest.c  >&5
conftest.c: In function 'main':
conftest.c:33: error: 'errno' undeclared (first use in this function)
conftest.c:33: error: (Each undeclared identifier is reported only once
conftest.c:33: error: for each function it appears in.)
configure:3234: $? = 1
configure: failed program was:
| /* confdefs.h.  */
| 
| #define PACKAGE_NAME ""
| #define PACKAGE_TARNAME ""
| #define PACKAGE_VERSION ""
| #define PACKAGE_STRING ""
| #define PACKAGE_BUGREPORT ""
| #define _GNU_SOURCE 1
| #define STDC_HEADERS 1
| #define HAVE_SYS_TYPES_H 1
| #define HAVE_SYS_STAT_H 1
| #define HAVE_STDLIB_H 1
| #define HAVE_STRING_H 1
| #define HAVE_MEMORY_H 1
| #define HAVE_STRINGS_H 1
| #define HAVE_INTTYPES_H 1
| #define HAVE_STDINT_H 1
| #define HAVE_UNISTD_H 1
| #define HAVE_STRING_H 1
| #define HAVE_STDLIB_H 1
| #define HAVE_UNISTD_H 1
| #define HAVE_FCNTL_H 1
| #define HAVE_SYS_FILE_H 1
| #define HAVE_MALLOC_H 1
| /* end confdefs.h.  */
| 
| #if HAVE_ERRNO_H
| #include <errno.h>
| #endif
| int
| main ()
| {
| static int x; x = errno;
|   ;
|   return 0;
| }
configure:3282: arm-mingw32ce-gcc -o conftest.exe -g -O2   conftest.c  >&5
/tmp/ccYlJ5aj.o: In function `main':
/home/danny/tmp/arm/test/gdbserver/conftest.c:36: undefined reference to `errno'
collect2: ld returned 1 exit status
configure:3288: $? = 1
configure: failed program was:
| /* confdefs.h.  */
| 
| #define PACKAGE_NAME ""
| #define PACKAGE_TARNAME ""
| #define PACKAGE_VERSION ""
| #define PACKAGE_STRING ""
| #define PACKAGE_BUGREPORT ""
| #define _GNU_SOURCE 1
| #define STDC_HEADERS 1
| #define HAVE_SYS_TYPES_H 1
| #define HAVE_SYS_STAT_H 1
| #define HAVE_STDLIB_H 1
| #define HAVE_STRING_H 1
| #define HAVE_MEMORY_H 1
| #define HAVE_STRINGS_H 1
| #define HAVE_INTTYPES_H 1
| #define HAVE_STDINT_H 1
| #define HAVE_UNISTD_H 1
| #define HAVE_STRING_H 1
| #define HAVE_STDLIB_H 1
| #define HAVE_UNISTD_H 1
| #define HAVE_FCNTL_H 1
| #define HAVE_SYS_FILE_H 1
| #define HAVE_MALLOC_H 1
| /* end confdefs.h.  */
| 
| #if HAVE_ERRNO_H
| #include <errno.h>
| #endif
| int
| main ()
| {
| extern int errno; static int x; x = errno;
|   ;
|   return 0;
| }
configure:3317: result: no
configure:3324: checking whether strerror is declared
configure:3348: arm-mingw32ce-gcc -c -g -O2  conftest.c >&5
conftest.c: In function 'main':
conftest.c:64: error: 'strerror' undeclared (first use in this function)
conftest.c:64: error: (Each undeclared identifier is reported only once
conftest.c:64: error: for each function it appears in.)
configure:3354: $? = 1
configure: failed program was:
| /* confdefs.h.  */
| 
| #define PACKAGE_NAME ""
| #define PACKAGE_TARNAME ""
| #define PACKAGE_VERSION ""
| #define PACKAGE_STRING ""
| #define PACKAGE_BUGREPORT ""
| #define _GNU_SOURCE 1
| #define STDC_HEADERS 1
| #define HAVE_SYS_TYPES_H 1
| #define HAVE_SYS_STAT_H 1
| #define HAVE_STDLIB_H 1
| #define HAVE_STRING_H 1
| #define HAVE_MEMORY_H 1
| #define HAVE_STRINGS_H 1
| #define HAVE_INTTYPES_H 1
| #define HAVE_STDINT_H 1
| #define HAVE_UNISTD_H 1
| #define HAVE_STRING_H 1
| #define HAVE_STDLIB_H 1
| #define HAVE_UNISTD_H 1
| #define HAVE_FCNTL_H 1
| #define HAVE_SYS_FILE_H 1
| #define HAVE_MALLOC_H 1
| /* end confdefs.h.  */
| #include <stdio.h>
| #if HAVE_SYS_TYPES_H
| # include <sys/types.h>
| #endif
| #if HAVE_SYS_STAT_H
| # include <sys/stat.h>
| #endif
| #if STDC_HEADERS
| # include <stdlib.h>
| # include <stddef.h>
| #else
| # if HAVE_STDLIB_H
| #  include <stdlib.h>
| # endif
| #endif
| #if HAVE_STRING_H
| # if !STDC_HEADERS && HAVE_MEMORY_H
| #  include <memory.h>
| # endif
| # include <string.h>
| #endif
| #if HAVE_STRINGS_H
| # include <strings.h>
| #endif
| #if HAVE_INTTYPES_H
| # include <inttypes.h>
| #else
| # if HAVE_STDINT_H
| #  include <stdint.h>
| # endif
| #endif
| #if HAVE_UNISTD_H
| # include <unistd.h>
| #endif
| int
| main ()
| {
| #ifndef strerror
|   char *p = (char *) strerror;
| #endif
| 
|   ;
|   return 0;
| }
configure:3378: result: no
configure:3394: checking whether perror is declared
configure:3418: arm-mingw32ce-gcc -c -g -O2  conftest.c >&5
configure:3424: $? = 0
configure:3428: test -z 
			 || test ! -s conftest.err
configure:3431: $? = 0
configure:3434: test -s conftest.o
configure:3437: $? = 0
configure:3448: result: yes
configure:3467: checking for socklen_t
configure:3494: arm-mingw32ce-gcc -c -g -O2  conftest.c >&5
conftest.c:29:24: error: sys/socket.h: No such file or directory
conftest.c: In function 'main':
conftest.c:35: error: 'socklen_t' undeclared (first use in this function)
conftest.c:35: error: (Each undeclared identifier is reported only once
conftest.c:35: error: for each function it appears in.)
conftest.c:35: error: expected expression before ')' token
configure:3500: $? = 1
configure: failed program was:
| /* confdefs.h.  */
| 
| #define PACKAGE_NAME ""
| #define PACKAGE_TARNAME ""
| #define PACKAGE_VERSION ""
| #define PACKAGE_STRING ""
| #define PACKAGE_BUGREPORT ""
| #define _GNU_SOURCE 1
| #define STDC_HEADERS 1
| #define HAVE_SYS_TYPES_H 1
| #define HAVE_SYS_STAT_H 1
| #define HAVE_STDLIB_H 1
| #define HAVE_STRING_H 1
| #define HAVE_MEMORY_H 1
| #define HAVE_STRINGS_H 1
| #define HAVE_INTTYPES_H 1
| #define HAVE_STDINT_H 1
| #define HAVE_UNISTD_H 1
| #define HAVE_STRING_H 1
| #define HAVE_STDLIB_H 1
| #define HAVE_UNISTD_H 1
| #define HAVE_FCNTL_H 1
| #define HAVE_SYS_FILE_H 1
| #define HAVE_MALLOC_H 1
| #define HAVE_DECL_STRERROR 0
| #define HAVE_DECL_PERROR 1
| /* end confdefs.h.  */
| #include <sys/types.h>
| #include <sys/socket.h>
| 
| 
| int
| main ()
| {
| if ((socklen_t *) 0)
|   return 0;
| if (sizeof (socklen_t))
|   return 0;
|   ;
|   return 0;
| }
configure:3524: result: no
configure:4513: creating ./config.status

## ---------------------- ##
## Running config.status. ##
## ---------------------- ##

This file was extended by config.status, which was
generated by GNU Autoconf 2.59.  Invocation command line was

  CONFIG_FILES    = 
  CONFIG_HEADERS  = 
  CONFIG_LINKS    = 
  CONFIG_COMMANDS = 
  $ ./config.status 

on pavilion

config.status:674: creating Makefile
config.status:778: creating config.h
config.status:1058: executing default commands

## ---------------- ##
## Cache variables. ##
## ---------------- ##

ac_cv_build=i686-pc-linux-gnu
ac_cv_build_alias=i686-pc-linux-gnu
ac_cv_c_compiler_gnu=yes
ac_cv_env_CC_set=
ac_cv_env_CC_value=
ac_cv_env_CFLAGS_set=
ac_cv_env_CFLAGS_value=
ac_cv_env_CPPFLAGS_set=
ac_cv_env_CPPFLAGS_value=
ac_cv_env_CPP_set=
ac_cv_env_CPP_value=
ac_cv_env_LDFLAGS_set=
ac_cv_env_LDFLAGS_value=
ac_cv_env_build_alias_set=
ac_cv_env_build_alias_value=
ac_cv_env_host_alias_set=set
ac_cv_env_host_alias_value=arm-mingw32ce
ac_cv_env_target_alias_set=
ac_cv_env_target_alias_value=
ac_cv_exeext=.exe
ac_cv_func_pread=no
ac_cv_func_pread64=no
ac_cv_func_pwrite=no
ac_cv_have_decl_perror=yes
ac_cv_have_decl_strerror=no
ac_cv_header_arpa_inet_h=no
ac_cv_header_errno_h=no
ac_cv_header_fcntl_h=yes
ac_cv_header_inttypes_h=yes
ac_cv_header_linux_elf_h=no
ac_cv_header_malloc_h=yes
ac_cv_header_memory_h=yes
ac_cv_header_netdb_h=no
ac_cv_header_netinet_in_h=no
ac_cv_header_netinet_tcp_h=no
ac_cv_header_proc_service_h=no
ac_cv_header_sgtty_h=no
ac_cv_header_signal_h=no
ac_cv_header_stdc=yes
ac_cv_header_stdint_h=yes
ac_cv_header_stdlib_h=yes
ac_cv_header_string_h=yes
ac_cv_header_strings_h=yes
ac_cv_header_sys_file_h=yes
ac_cv_header_sys_ioctl_h=no
ac_cv_header_sys_procfs_h=no
ac_cv_header_sys_reg_h=no
ac_cv_header_sys_socket_h=no
ac_cv_header_sys_stat_h=yes
ac_cv_header_sys_types_h=yes
ac_cv_header_sys_wait_h=no
ac_cv_header_termio_h=no
ac_cv_header_termios_h=no
ac_cv_header_thread_db_h=no
ac_cv_header_unistd_h=yes
ac_cv_host=arm-unknown-mingw32ce
ac_cv_host_alias=arm-mingw32ce
ac_cv_objext=o
ac_cv_path_install='/usr/bin/install -c'
ac_cv_prog_CC=arm-mingw32ce-gcc
ac_cv_prog_CPP='arm-mingw32ce-gcc -E'
ac_cv_prog_cc_g=yes
ac_cv_prog_cc_stdc=
ac_cv_prog_egrep='grep -E'
ac_cv_target=arm-unknown-mingw32ce
ac_cv_target_alias=arm-mingw32ce
ac_cv_type_socklen_t=no

## ----------------- ##
## Output variables. ##
## ----------------- ##

CC='arm-mingw32ce-gcc'
CFLAGS='-g -O2'
CPP='arm-mingw32ce-gcc -E'
CPPFLAGS=''
DEFS='-DHAVE_CONFIG_H'
ECHO_C=''
ECHO_N='-n'
ECHO_T=''
EGREP='grep -E'
EXEEXT='.exe'
GDBSERVER_DEPFILES='reg-arm.o win32-low.o win32-arm-low.o wincecompat.o  '
GDBSERVER_LIBS=''
INSTALL_DATA='${INSTALL} -m 644'
INSTALL_PROGRAM='${INSTALL}'
INSTALL_SCRIPT='${INSTALL}'
LDFLAGS=''
LIBOBJS=''
LIBS=' -lws2'
LTLIBOBJS=''
OBJEXT='o'
PACKAGE_BUGREPORT=''
PACKAGE_NAME=''
PACKAGE_STRING=''
PACKAGE_TARNAME=''
PACKAGE_VERSION=''
PATH_SEPARATOR=':'
RDYNAMIC=''
SHELL='/bin/sh'
USE_THREAD_DB=''
ac_ct_CC=''
bindir='${exec_prefix}/bin'
build='i686-pc-linux-gnu'
build_alias=''
build_cpu='i686'
build_os='linux-gnu'
build_vendor='pc'
datadir='${prefix}/share'
exec_prefix='${prefix}'
host='arm-unknown-mingw32ce'
host_alias='arm-mingw32ce'
host_cpu='arm'
host_os='mingw32ce'
host_vendor='unknown'
includedir='${prefix}/include'
infodir='${prefix}/info'
libdir='${exec_prefix}/lib'
libexecdir='${exec_prefix}/libexec'
localstatedir='${prefix}/var'
mandir='${prefix}/man'
oldincludedir='/usr/include'
prefix='/opt/mingw32ce'
program_transform_name='s,x,x,'
sbindir='${exec_prefix}/sbin'
sharedstatedir='${prefix}/com'
srv_xmlbuiltin=''
srv_xmlfiles=''
srv_xmltarget=''
sysconfdir='${prefix}/etc'
target='arm-unknown-mingw32ce'
target_alias=''
target_cpu='arm'
target_os='mingw32ce'
target_vendor='unknown'

## ----------- ##
## confdefs.h. ##
## ----------- ##

#define HAVE_DECL_PERROR 1
#define HAVE_DECL_STRERROR 0
#define HAVE_FCNTL_H 1
#define HAVE_INTTYPES_H 1
#define HAVE_MALLOC_H 1
#define HAVE_MEMORY_H 1
#define HAVE_STDINT_H 1
#define HAVE_STDLIB_H 1
#define HAVE_STDLIB_H 1
#define HAVE_STRINGS_H 1
#define HAVE_STRING_H 1
#define HAVE_STRING_H 1
#define HAVE_SYS_FILE_H 1
#define HAVE_SYS_STAT_H 1
#define HAVE_SYS_TYPES_H 1
#define HAVE_UNISTD_H 1
#define HAVE_UNISTD_H 1
#define PACKAGE_BUGREPORT ""
#define PACKAGE_NAME ""
#define PACKAGE_STRING ""
#define PACKAGE_TARNAME ""
#define PACKAGE_VERSION ""
#define STDC_HEADERS 1
#define USE_WIN32API 1
#define _GNU_SOURCE 1

configure: exit 0

## ---------------------- ##
## Running config.status. ##
## ---------------------- ##

This file was extended by config.status, which was
generated by GNU Autoconf 2.59.  Invocation command line was

  CONFIG_FILES    = 
  CONFIG_HEADERS  = config.h:config.in
  CONFIG_LINKS    = 
  CONFIG_COMMANDS = 
  $ ./config.status 

on pavilion

config.status:778: creating config.h
config.status:900: config.h is unchanged
config.status:1058: executing default commands
